# JRE version: Java(TM) SE Runtime Environment (8.0_151-b12) (build 1.8.0_151-b12)
# Java VM: Java HotSpot(TM) 64-Bit Server VM (25.151-b12 mixed mode windows-amd64 compressed oops)
Heap:
 PSYoungGen      total 491008K, used 119300K [0x00000000d5580000, 0x0000000100000000, 0x0000000100000000)
  eden space 371200K, 0% used [0x00000000d5580000,0x00000000d5580000,0x00000000ec000000)
  from space 119808K, 99% used [0x00000000ec000000,0x00000000f34811c0,0x00000000f3500000)
  to   space 175616K, 0% used [0x00000000f5480000,0x00000000f5480000,0x0000000100000000)
 ParOldGen       total 525824K, used 496816K [0x0000000080000000, 0x00000000a0180000, 0x00000000d5580000)
  object space 525824K, 94% used [0x0000000080000000,0x000000009e52c378,0x00000000a0180000)
 Metaspace       used 82126K, capacity 83966K, committed 84608K, reserved 1124352K
  class space    used 10118K, capacity 10518K, committed 10624K, reserved 1048576K
GC Heap History (10 events):
Event: 9172.921 GC heap after
Heap after GC invocations=49 (full 7):
 PSYoungGen      total 586752K, used 39093K [0x00000000d5580000, 0x00000000fe000000, 0x0000000100000000)
  eden space 531968K, 0% used [0x00000000d5580000,0x00000000d5580000,0x00000000f5d00000)
  from space 54784K, 71% used [0x00000000f9400000,0x00000000fba2d730,0x00000000fc980000)
  to   space 56320K, 0% used [0x00000000f5d00000,0x00000000f5d00000,0x00000000f9400000)
 ParOldGen       total 262144K, used 189535K [0x0000000080000000, 0x0000000090000000, 0x00000000d5580000)
  object space 262144K, 72% used [0x0000000080000000,0x000000008b917e28,0x0000000090000000)
 Metaspace       used 82116K, capacity 83966K, committed 84608K, reserved 1124352K
  class space    used 10117K, capacity 10518K, committed 10624K, reserved 1048576K
}
Event: 9174.666 GC heap before
{Heap before GC invocations=50 (full 7):
 PSYoungGen      total 586752K, used 571061K [0x00000000d5580000, 0x00000000fe000000, 0x0000000100000000)
  eden space 531968K, 100% used [0x00000000d5580000,0x00000000f5d00000,0x00000000f5d00000)
  from space 54784K, 71% used [0x00000000f9400000,0x00000000fba2d730,0x00000000fc980000)
  to   space 56320K, 0% used [0x00000000f5d00000,0x00000000f5d00000,0x00000000f9400000)
 ParOldGen       total 262144K, used 189535K [0x0000000080000000, 0x0000000090000000, 0x00000000d5580000)
  object space 262144K, 72% used [0x0000000080000000,0x000000008b917e28,0x0000000090000000)
 Metaspace       used 82126K, capacity 83966K, committed 84608K, reserved 1124352K
  class space    used 10118K, capacity 10518K, committed 10624K, reserved 1048576K
Event: 9175.230 GC heap after
Heap after GC invocations=50 (full 7):
 PSYoungGen      total 588288K, used 56307K [0x00000000d5580000, 0x0000000100000000, 0x0000000100000000)
  eden space 531968K, 0% used [0x00000000d5580000,0x00000000d5580000,0x00000000f5d00000)
  from space 56320K, 99% used [0x00000000f5d00000,0x00000000f93fcee8,0x00000000f9400000)
  to   space 110592K, 0% used [0x00000000f9400000,0x00000000f9400000,0x0000000100000000)
 ParOldGen       total 364544K, used 364495K [0x0000000080000000, 0x0000000096400000, 0x00000000d5580000)
  object space 364544K, 99% used [0x0000000080000000,0x00000000963f3c28,0x0000000096400000)
 Metaspace       used 82126K, capacity 83966K, committed 84608K, reserved 1124352K
  class space    used 10118K, capacity 10518K, committed 10624K, reserved 1048576K
}
Event: 9175.230 GC heap before
{Heap before GC invocations=51 (full 8):
 PSYoungGen      total 588288K, used 56307K [0x00000000d5580000, 0x0000000100000000, 0x0000000100000000)
  eden space 531968K, 0% used [0x00000000d5580000,0x00000000d5580000,0x00000000f5d00000)
  from space 56320K, 99% used [0x00000000f5d00000,0x00000000f93fcee8,0x00000000f9400000)
  to   space 110592K, 0% used [0x00000000f9400000,0x00000000f9400000,0x0000000100000000)
 ParOldGen       total 364544K, used 364495K [0x0000000080000000, 0x0000000096400000, 0x00000000d5580000)
  object space 364544K, 99% used [0x0000000080000000,0x00000000963f3c28,0x0000000096400000)
 Metaspace       used 82126K, capacity 83966K, committed 84608K, reserved 1124352K
  class space    used 10118K, capacity 10518K, committed 10624K, reserved 1048576K
Event: 9176.307 GC heap after
Heap after GC invocations=51 (full 8):
 PSYoungGen      total 588288K, used 0K [0x00000000d5580000, 0x0000000100000000, 0x0000000100000000)
  eden space 531968K, 0% used [0x00000000d5580000,0x00000000d5580000,0x00000000f5d00000)
  from space 56320K, 0% used [0x00000000f5d00000,0x00000000f5d00000,0x00000000f9400000)
  to   space 110592K, 0% used [0x00000000f9400000,0x00000000f9400000,0x0000000100000000)
 ParOldGen       total 525824K, used 340514K [0x0000000080000000, 0x00000000a0180000, 0x00000000d5580000)
  object space 525824K, 64% used [0x0000000080000000,0x0000000094c888a8,0x00000000a0180000)
 Metaspace       used 82126K, capacity 83966K, committed 84608K, reserved 1124352K
  class space    used 10118K, capacity 10518K, committed 10624K, reserved 1048576K
}
Event: 9177.517 GC heap before
{Heap before GC invocations=52 (full 8):
 PSYoungGen      total 588288K, used 531968K [0x00000000d5580000, 0x0000000100000000, 0x0000000100000000)
  eden space 531968K, 100% used [0x00000000d5580000,0x00000000f5d00000,0x00000000f5d00000)
  from space 56320K, 0% used [0x00000000f5d00000,0x00000000f5d00000,0x00000000f9400000)
  to   space 110592K, 0% used [0x00000000f9400000,0x00000000f9400000,0x0000000100000000)
 ParOldGen       total 525824K, used 340514K [0x0000000080000000, 0x00000000a0180000, 0x00000000d5580000)
  object space 525824K, 64% used [0x0000000080000000,0x0000000094c888a8,0x00000000a0180000)
 Metaspace       used 82126K, capacity 83966K, committed 84608K, reserved 1124352K
  class space    used 10118K, capacity 10518K, committed 10624K, reserved 1048576K
Event: 9177.672 GC heap after
Heap after GC invocations=52 (full 8):
 PSYoungGen      total 481792K, used 110572K [0x00000000d5580000, 0x0000000100000000, 0x0000000100000000)
  eden space 371200K, 0% used [0x00000000d5580000,0x00000000d5580000,0x00000000ec000000)
  from space 110592K, 99% used [0x00000000f9400000,0x00000000ffffb0b0,0x0000000100000000)
  to   space 163840K, 0% used [0x00000000ec000000,0x00000000ec000000,0x00000000f6000000)
 ParOldGen       total 525824K, used 393992K [0x0000000080000000, 0x00000000a0180000, 0x00000000d5580000)
  object space 525824K, 74% used [0x0000000080000000,0x00000000980c20b8,0x00000000a0180000)
 Metaspace       used 82126K, capacity 83966K, committed 84608K, reserved 1124352K
  class space    used 10118K, capacity 10518K, committed 10624K, reserved 1048576K
}
Event: 9178.267 GC heap before
{Heap before GC invocations=53 (full 8):
 PSYoungGen      total 481792K, used 481772K [0x00000000d5580000, 0x0000000100000000, 0x0000000100000000)
  eden space 371200K, 100% used [0x00000000d5580000,0x00000000ec000000,0x00000000ec000000)
  from space 110592K, 99% used [0x00000000f9400000,0x00000000ffffb0b0,0x0000000100000000)
  to   space 163840K, 0% used [0x00000000ec000000,0x00000000ec000000,0x00000000f6000000)
 ParOldGen       total 525824K, used 393992K [0x0000000080000000, 0x00000000a0180000, 0x00000000d5580000)
  object space 525824K, 74% used [0x0000000080000000,0x00000000980c20b8,0x00000000a0180000)
 Metaspace       used 82126K, capacity 83966K, committed 84608K, reserved 1124352K
  class space    used 10118K, capacity 10518K, committed 10624K, reserved 1048576K
Event: 9178.491 GC heap after
Heap after GC invocations=53 (full 8):
 PSYoungGen      total 491008K, used 119300K [0x00000000d5580000, 0x0000000100000000, 0x0000000100000000)
  eden space 371200K, 0% used [0x00000000d5580000,0x00000000d5580000,0x00000000ec000000)
  from space 119808K, 99% used [0x00000000ec000000,0x00000000f34811c0,0x00000000f3500000)
  to   space 175616K, 0% used [0x00000000f5480000,0x00000000f5480000,0x0000000100000000)
 ParOldGen       total 525824K, used 496816K [0x0000000080000000, 0x00000000a0180000, 0x00000000d5580000)
  object space 525824K, 94% used [0x0000000080000000,0x000000009e52c378,0x00000000a0180000)
 Metaspace       used 82126K, capacity 83966K, committed 84608K, reserved 1124352K
  class space    used 10118K, capacity 10518K, committed 10624K, reserved 1048576K
}
Event: 9178.491 GC heap before
{Heap before GC invocations=54 (full 9):
 PSYoungGen      total 491008K, used 119300K [0x00000000d5580000, 0x0000000100000000, 0x0000000100000000)
  eden space 371200K, 0% used [0x00000000d5580000,0x00000000d5580000,0x00000000ec000000)
  from space 119808K, 99% used [0x00000000ec000000,0x00000000f34811c0,0x00000000f3500000)
  to   space 175616K, 0% used [0x00000000f5480000,0x00000000f5480000,0x0000000100000000)
 ParOldGen       total 525824K, used 496816K [0x0000000080000000, 0x00000000a0180000, 0x00000000d5580000)
  object space 525824K, 94% used [0x0000000080000000,0x000000009e52c378,0x00000000a0180000)
 Metaspace       used 82126K, capacity 83966K, committed 84608K, reserved 1124352K
  class space    used 10118K, capacity 10518K, committed 10624K, reserved 1048576K

